# JRE version: Java(TM) SE Runtime Environment (8.0_11-b12) (build 1.8.0_11-b12)
# Java VM: Java HotSpot(TM) 64-Bit Server VM (25.11-b03 mixed mode windows-amd64 compressed oops)
Heap:
 PSYoungGen      total 12800K, used 9676K [0x00000000eb400000, 0x00000000ec800000, 0x0000000100000000)
  eden space 10240K, 70% used [0x00000000eb400000,0x00000000ebb0e310,0x00000000ebe00000)
  from space 2560K, 95% used [0x00000000ec400000,0x00000000ec6650d0,0x00000000ec680000)
  to   space 1536K, 0% used [0x00000000ec680000,0x00000000ec680000,0x00000000ec800000)
 ParOldGen       total 64000K, used 12673K [0x00000000c1c00000, 0x00000000c5a80000, 0x00000000eb400000)
  object space 64000K, 19% used [0x00000000c1c00000,0x00000000c2860418,0x00000000c5a80000)
 Metaspace       used 17256K, capacity 17468K, committed 17792K, reserved 1064960K
  class space    used 2512K, capacity 2582K, committed 2688K, reserved 1048576K
GC Heap History (10 events):
Event: 1.357 GC heap before
{Heap before GC invocations=11 (full 0):
 PSYoungGen      total 8192K, used 7424K [0x00000000eb400000, 0x00000000ebd80000, 0x0000000100000000)
  eden space 6656K, 100% used [0x00000000eb400000,0x00000000eba80000,0x00000000eba80000)
  from space 1536K, 50% used [0x00000000ebc00000,0x00000000ebcc0000,0x00000000ebd80000)
  to   space 1536K, 0% used [0x00000000eba80000,0x00000000eba80000,0x00000000ebc00000)
 ParOldGen       total 64000K, used 3611K [0x00000000c1c00000, 0x00000000c5a80000, 0x00000000eb400000)
  object space 64000K, 5% used [0x00000000c1c00000,0x00000000c1f86eb0,0x00000000c5a80000)
 Metaspace       used 9486K, capacity 9646K, committed 9856K, reserved 1058816K
  class space    used 1277K, capacity 1319K, committed 1408K, reserved 1048576K
Event: 1.359 GC heap after
Heap after GC invocations=11 (full 0):
 PSYoungGen      total 8192K, used 672K [0x00000000eb400000, 0x00000000ec180000, 0x0000000100000000)
  eden space 6656K, 0% used [0x00000000eb400000,0x00000000eb400000,0x00000000eba80000)
  from space 1536K, 43% used [0x00000000eba80000,0x00000000ebb28050,0x00000000ebc00000)
  to   space 1536K, 0% used [0x00000000ec000000,0x00000000ec000000,0x00000000ec180000)
 ParOldGen       total 64000K, used 4328K [0x00000000c1c00000, 0x00000000c5a80000, 0x00000000eb400000)
  object space 64000K, 6% used [0x00000000c1c00000,0x00000000c203a2d0,0x00000000c5a80000)
 Metaspace       used 9486K, capacity 9646K, committed 9856K, reserved 1058816K
  class space    used 1277K, capacity 1319K, committed 1408K, reserved 1048576K
}
Event: 1.558 GC heap before
{Heap before GC invocations=12 (full 0):
 PSYoungGen      total 8192K, used 7328K [0x00000000eb400000, 0x00000000ec180000, 0x0000000100000000)
  eden space 6656K, 100% used [0x00000000eb400000,0x00000000eba80000,0x00000000eba80000)
  from space 1536K, 43% used [0x00000000eba80000,0x00000000ebb28050,0x00000000ebc00000)
  to   space 1536K, 0% used [0x00000000ec000000,0x00000000ec000000,0x00000000ec180000)
 ParOldGen       total 64000K, used 4328K [0x00000000c1c00000, 0x00000000c5a80000, 0x00000000eb400000)
  object space 64000K, 6% used [0x00000000c1c00000,0x00000000c203a2d0,0x00000000c5a80000)
 Metaspace       used 10875K, capacity 11046K, committed 11392K, reserved 1058816K
  class space    used 1490K, capacity 1547K, committed 1664K, reserved 1048576K
Event: 1.560 GC heap after
Heap after GC invocations=12 (full 0):
 PSYoungGen      total 12288K, used 1525K [0x00000000eb400000, 0x00000000ec180000, 0x0000000100000000)
  eden space 10752K, 0% used [0x00000000eb400000,0x00000000eb400000,0x00000000ebe80000)
  from space 1536K, 99% used [0x00000000ec000000,0x00000000ec17d6d0,0x00000000ec180000)
  to   space 1536K, 0% used [0x00000000ebe80000,0x00000000ebe80000,0x00000000ec000000)
 ParOldGen       total 64000K, used 4901K [0x00000000c1c00000, 0x00000000c5a80000, 0x00000000eb400000)
  object space 64000K, 7% used [0x00000000c1c00000,0x00000000c20c9400,0x00000000c5a80000)
 Metaspace       used 10875K, capacity 11046K, committed 11392K, reserved 1058816K
  class space    used 1490K, capacity 1547K, committed 1664K, reserved 1048576K
}
Event: 2.470 GC heap before
{Heap before GC invocations=13 (full 0):
 PSYoungGen      total 12288K, used 12277K [0x00000000eb400000, 0x00000000ec180000, 0x0000000100000000)
  eden space 10752K, 100% used [0x00000000eb400000,0x00000000ebe80000,0x00000000ebe80000)
  from space 1536K, 99% used [0x00000000ec000000,0x00000000ec17d6d0,0x00000000ec180000)
  to   space 1536K, 0% used [0x00000000ebe80000,0x00000000ebe80000,0x00000000ec000000)
 ParOldGen       total 64000K, used 4901K [0x00000000c1c00000, 0x00000000c5a80000, 0x00000000eb400000)
  object space 64000K, 7% used [0x00000000c1c00000,0x00000000c20c9400,0x00000000c5a80000)
 Metaspace       used 13353K, capacity 13478K, committed 13824K, reserved 1060864K
  class space    used 1900K, capacity 1931K, committed 2048K, reserved 1048576K
Event: 2.475 GC heap after
Heap after GC invocations=13 (full 0):
 PSYoungGen      total 12288K, used 1536K [0x00000000eb400000, 0x00000000eca00000, 0x0000000100000000)
  eden space 10752K, 0% used [0x00000000eb400000,0x00000000eb400000,0x00000000ebe80000)
  from space 1536K, 100% used [0x00000000ebe80000,0x00000000ec000000,0x00000000ec000000)
  to   space 2560K, 0% used [0x00000000ec780000,0x00000000ec780000,0x00000000eca00000)
 ParOldGen       total 64000K, used 6758K [0x00000000c1c00000, 0x00000000c5a80000, 0x00000000eb400000)
  object space 64000K, 10% used [0x00000000c1c00000,0x00000000c2299870,0x00000000c5a80000)
 Metaspace       used 13353K, capacity 13478K, committed 13824K, reserved 1060864K
  class space    used 1900K, capacity 1931K, committed 2048K, reserved 1048576K
}
Event: 49.842 GC heap before
{Heap before GC invocations=14 (full 0):
 PSYoungGen      total 12288K, used 12288K [0x00000000eb400000, 0x00000000eca00000, 0x0000000100000000)
  eden space 10752K, 100% used [0x00000000eb400000,0x00000000ebe80000,0x00000000ebe80000)
  from space 1536K, 100% used [0x00000000ebe80000,0x00000000ec000000,0x00000000ec000000)
  to   space 2560K, 0% used [0x00000000ec780000,0x00000000ec780000,0x00000000eca00000)
 ParOldGen       total 64000K, used 6758K [0x00000000c1c00000, 0x00000000c5a80000, 0x00000000eb400000)
  object space 64000K, 10% used [0x00000000c1c00000,0x00000000c2299870,0x00000000c5a80000)
 Metaspace       used 14547K, capacity 14726K, committed 14848K, reserved 1062912K
  class space    used 1996K, capacity 2027K, committed 2048K, reserved 1048576K
Event: 49.852 GC heap after
Heap after GC invocations=14 (full 0):
 PSYoungGen      total 12800K, used 2400K [0x00000000eb400000, 0x00000000eca00000, 0x0000000100000000)
  eden space 10240K, 0% used [0x00000000eb400000,0x00000000eb400000,0x00000000ebe00000)
  from space 2560K, 93% used [0x00000000ec780000,0x00000000ec9d8010,0x00000000eca00000)
  to   space 3072K, 0% used [0x00000000ec400000,0x00000000ec400000,0x00000000ec700000)
 ParOldGen       total 64000K, used 10361K [0x00000000c1c00000, 0x00000000c5a80000, 0x00000000eb400000)
  object space 64000K, 16% used [0x00000000c1c00000,0x00000000c261e408,0x00000000c5a80000)
 Metaspace       used 14547K, capacity 14726K, committed 14848K, reserved 1062912K
  class space    used 1996K, capacity 2027K, committed 2048K, reserved 1048576K
}
Event: 59.630 GC heap before
{Heap before GC invocations=15 (full 0):
 PSYoungGen      total 12800K, used 12640K [0x00000000eb400000, 0x00000000eca00000, 0x0000000100000000)
  eden space 10240K, 100% used [0x00000000eb400000,0x00000000ebe00000,0x00000000ebe00000)
  from space 2560K, 93% used [0x00000000ec780000,0x00000000ec9d8010,0x00000000eca00000)
  to   space 3072K, 0% used [0x00000000ec400000,0x00000000ec400000,0x00000000ec700000)
 ParOldGen       total 64000K, used 10361K [0x00000000c1c00000, 0x00000000c5a80000, 0x00000000eb400000)
  object space 64000K, 16% used [0x00000000c1c00000,0x00000000c261e408,0x00000000c5a80000)
 Metaspace       used 16336K, capacity 16540K, committed 16768K, reserved 1062912K
  class space    used 2345K, capacity 2422K, committed 2432K, reserved 1048576K
Event: 59.634 GC heap after
Heap after GC invocations=15 (full 0):
 PSYoungGen      total 12800K, used 2452K [0x00000000eb400000, 0x00000000ec800000, 0x0000000100000000)
  eden space 10240K, 0% used [0x00000000eb400000,0x00000000eb400000,0x00000000ebe00000)
  from space 2560K, 95% used [0x00000000ec400000,0x00000000ec6650d0,0x00000000ec680000)
  to   space 1536K, 0% used [0x00000000ec680000,0x00000000ec680000,0x00000000ec800000)
 ParOldGen       total 64000K, used 12673K [0x00000000c1c00000, 0x00000000c5a80000, 0x00000000eb400000)
  object space 64000K, 19% used [0x00000000c1c00000,0x00000000c2860418,0x00000000c5a80000)
 Metaspace       used 16336K, capacity 16540K, committed 16768K, reserved 1062912K
  class space    used 2345K, capacity 2422K, committed 2432K, reserved 1048576K
}

